2014/07/28 12:47:46 [error] [exception.CDbException] exception 'CDbException' with message 'CDbConnection failed to open the DB connection: SQLSTATE[28000] [1045] Access denied for user 'test'@'localhost' (using password: YES)' in /var/www/html/YiiWork/yii/framework/db/CDbConnection.php:382
Stack trace:
#0 /var/www/html/YiiWork/yii/framework/db/CDbConnection.php(330): CDbConnection->open()
#1 /var/www/html/YiiWork/yii/framework/db/CDbConnection.php(308): CDbConnection->setActive(true)
#2 /var/www/html/YiiWork/yii/framework/base/CModule.php(387): CDbConnection->init()
#3 /var/www/html/YiiWork/yii/framework/base/CApplication.php(450): CModule->getComponent('db')
#4 /var/www/html/YiiWork/yii/framework/db/ar/CActiveRecord.php(634): CApplication->getDb()
#5 /var/www/html/YiiWork/yii/framework/db/ar/CActiveRecord.php(667): CActiveRecord->getDbConnection()
#6 /var/www/html/YiiWork/yii/framework/db/ar/CActiveRecord.php(1469): CActiveRecord->getCommandBuilder()
#7 /var/www/html/YiiWork/megaapp/protected/controllers/SiteController.php(84): CActiveRecord->findAll()
#8 /var/www/html/YiiWork/yii/framework/web/actions/CInlineAction.php(49): SiteController->actionItems()
#9 /var/www/html/YiiWork/yii/framework/web/CController.php(308): CInlineAction->runWithParams(Array)
#10 /var/www/html/YiiWork/yii/framework/web/CController.php(286): CController->runAction(Object(CInlineAction))
#11 /var/www/html/YiiWork/yii/framework/web/CController.php(265): CController->runActionWithFilters(Object(CInlineAction), Array)
#12 /var/www/html/YiiWork/yii/framework/web/CWebApplication.php(282): CController->run('items')
#13 /var/www/html/YiiWork/yii/framework/web/CWebApplication.php(141): CWebApplication->runController('site/items')
#14 /var/www/html/YiiWork/yii/framework/base/CApplication.php(180): CWebApplication->processRequest()
#15 /var/www/html/YiiWork/megaapp/index.php(13): CApplication->run()
#16 {main}
REQUEST_URI=/YiiWork/megaapp/index.php/site/items?view=about
HTTP_REFERER=http://localhost/YiiWork/megaapp/
---
2014/07/28 12:52:11 [error] [exception.CException] exception 'CException' with message 'CAssetManager.basePath "/var/www/html/YiiWork/megaapp/assets" is invalid. Please make sure the directory exists and is writable by the Web server process.' in /var/www/html/YiiWork/yii/framework/web/CAssetManager.php:138
Stack trace:
#0 /var/www/html/YiiWork/yii/framework/web/CAssetManager.php(123): CAssetManager->setBasePath('/var/www/html/Y...')
#1 /var/www/html/YiiWork/yii/framework/web/CAssetManager.php(217): CAssetManager->getBasePath()
#2 /var/www/html/YiiWork/yii/framework/web/CClientScript.php(510): CAssetManager->publish('/var/www/html/Y...')
#3 /var/www/html/YiiWork/yii/framework/web/CClientScript.php(547): CClientScript->getCoreScriptUrl()
#4 /var/www/html/YiiWork/yii/framework/web/CClientScript.php(348): CClientScript->getPackageBaseUrl('jquery')
#5 /var/www/html/YiiWork/yii/framework/web/CClientScript.php(208): CClientScript->renderCoreScripts()
#6 /var/www/html/YiiWork/yii/framework/web/CController.php(351): CClientScript->render('<!DOCTYPE html ...')
#7 /var/www/html/YiiWork/yii/framework/web/CController.php(788): CController->processOutput('<!DOCTYPE html ...')
#8 /var/www/html/YiiWork/megaapp/protected/controllers/SiteController.php(73): CController->render('login', Array)
#9 /var/www/html/YiiWork/yii/framework/web/actions/CInlineAction.php(49): SiteController->actionLogin()
#10 /var/www/html/YiiWork/yii/framework/web/CController.php(308): CInlineAction->runWithParams(Array)
#11 /var/www/html/YiiWork/yii/framework/web/CController.php(286): CController->runAction(Object(CInlineAction))
#12 /var/www/html/YiiWork/yii/framework/web/CController.php(265): CController->runActionWithFilters(Object(CInlineAction), Array)
#13 /var/www/html/YiiWork/yii/framework/web/CWebApplication.php(282): CController->run('login')
#14 /var/www/html/YiiWork/yii/framework/web/CWebApplication.php(141): CWebApplication->runController('site/login')
#15 /var/www/html/YiiWork/yii/framework/base/CApplication.php(180): CWebApplication->processRequest()
#16 /var/www/html/YiiWork/megaapp/index.php(13): CApplication->run()
#17 {main}
REQUEST_URI=/YiiWork/megaapp/index.php/site/login
HTTP_REFERER=http://localhost/YiiWork/megaapp/index.php/site/items?view=about
---
2014/07/28 12:53:44 [error] [exception.CException] exception 'CException' with message 'Property "Items.name" is not defined.' in /var/www/html/YiiWork/yii/framework/base/CComponent.php:130
Stack trace:
#0 /var/www/html/YiiWork/yii/framework/db/ar/CActiveRecord.php(145): CComponent->__get('name')
#1 /var/www/html/YiiWork/yii/framework/web/helpers/CHtml.php(2529): CActiveRecord->__get('name')
#2 /var/www/html/YiiWork/yii/framework/web/helpers/CHtml.php(2252): CHtml::resolveValue(Object(Items), 'name')
#3 /var/www/html/YiiWork/yii/framework/web/helpers/CHtml.php(1434): CHtml::activeInputField('text', Object(Items), 'name', Array)
#4 /var/www/html/YiiWork/yii/framework/web/widgets/CActiveForm.php(725): CHtml::activeTextField(Object(Items), 'name', Array)
#5 /var/www/html/YiiWork/megaapp/protected/modules/administrator/views/items/_form.php(14): CActiveForm->textField(Object(Items), 'name', Array)
#6 /var/www/html/YiiWork/yii/framework/web/CBaseController.php(126): require('/var/www/html/Y...')
#7 /var/www/html/YiiWork/yii/framework/web/CBaseController.php(95): CBaseController->renderInternal('/var/www/html/Y...', Array, true)
#8 /var/www/html/YiiWork/yii/framework/web/CController.php(869): CBaseController->renderFile('/var/www/html/Y...', Array, true)
#9 /var/www/html/YiiWork/megaapp/protected/modules/administrator/views/items/create.php(16): CController->renderPartial('_form', Array)
#10 /var/www/html/YiiWork/yii/framework/web/CBaseController.php(126): require('/var/www/html/Y...')
#11 /var/www/html/YiiWork/yii/framework/web/CBaseController.php(95): CBaseController->renderInternal('/var/www/html/Y...', Array, true)
#12 /var/www/html/YiiWork/yii/framework/web/CController.php(869): CBaseController->renderFile('/var/www/html/Y...', Array, true)
#13 /var/www/html/YiiWork/yii/framework/web/CController.php(782): CController->renderPartial('create', Array, true)
#14 /var/www/html/YiiWork/megaapp/protected/modules/administrator/controllers/ItemsController.php(56): CController->render('create', Array)
#15 /var/www/html/YiiWork/yii/framework/web/actions/CInlineAction.php(49): ItemsController->actionCreate()
#16 /var/www/html/YiiWork/yii/framework/web/CController.php(308): CInlineAction->runWithParams(Array)
#17 /var/www/html/YiiWork/yii/framework/web/filters/CFilterChain.php(133): CController->runAction(Object(CInlineAction))
#18 /var/www/html/YiiWork/yii/framework/web/filters/CFilter.php(40): CFilterChain->run()
#19 /var/www/html/YiiWork/yii/framework/web/CController.php(1145): CFilter->filter(Object(CFilterChain))
#20 /var/www/html/YiiWork/yii/framework/web/filters/CInlineFilter.php(58): CController->filterAccessControl(Object(CFilterChain))
#21 /var/www/html/YiiWork/yii/framework/web/filters/CFilterChain.php(130): CInlineFilter->filter(Object(CFilterChain))
#22 /var/www/html/YiiWork/yii/framework/web/CController.php(291): CFilterChain->run()
#23 /var/www/html/YiiWork/yii/framework/web/CController.php(265): CController->runActionWithFilters(Object(CInlineAction), Array)
#24 /var/www/html/YiiWork/yii/framework/web/CWebApplication.php(282): CController->run('create')
#25 /var/www/html/YiiWork/yii/framework/web/CWebApplication.php(141): CWebApplication->runController('administrator/i...')
#26 /var/www/html/YiiWork/yii/framework/base/CApplication.php(180): CWebApplication->processRequest()
#27 /var/www/html/YiiWork/megaapp/index.php(13): CApplication->run()
#28 {main}
REQUEST_URI=/YiiWork/megaapp/index.php/administrator/items/create
HTTP_REFERER=http://localhost/YiiWork/megaapp/index.php/administrator/items
---
2014/07/28 12:54:37 [error] [exception.CException] exception 'CException' with message 'Items and its behaviors do not have a method or closure named "search".' in /var/www/html/YiiWork/yii/framework/base/CComponent.php:266
Stack trace:
#0 /var/www/html/YiiWork/yii/framework/db/ar/CActiveRecord.php(227): CComponent->__call('search', Array)
#1 /var/www/html/YiiWork/megaapp/protected/modules/administrator/views/items/admin.php(43): CActiveRecord->__call('search', Array)
#2 /var/www/html/YiiWork/megaapp/protected/modules/administrator/views/items/admin.php(43): Items->search()
#3 /var/www/html/YiiWork/yii/framework/web/CBaseController.php(126): require('/var/www/html/Y...')
#4 /var/www/html/YiiWork/yii/framework/web/CBaseController.php(95): CBaseController->renderInternal('/var/www/html/Y...', Array, true)
#5 /var/www/html/YiiWork/yii/framework/web/CController.php(869): CBaseController->renderFile('/var/www/html/Y...', Array, true)
#6 /var/www/html/YiiWork/yii/framework/web/CController.php(782): CController->renderPartial('admin', Array, true)
#7 /var/www/html/YiiWork/megaapp/protected/modules/administrator/controllers/ItemsController.php(100): CController->render('admin', Array)
#8 /var/www/html/YiiWork/yii/framework/web/actions/CInlineAction.php(49): ItemsController->actionAdmin()
#9 /var/www/html/YiiWork/yii/framework/web/CController.php(308): CInlineAction->runWithParams(Array)
#10 /var/www/html/YiiWork/yii/framework/web/filters/CFilterChain.php(133): CController->runAction(Object(CInlineAction))
#11 /var/www/html/YiiWork/yii/framework/web/filters/CFilter.php(40): CFilterChain->run()
#12 /var/www/html/YiiWork/yii/framework/web/CController.php(1145): CFilter->filter(Object(CFilterChain))
#13 /var/www/html/YiiWork/yii/framework/web/filters/CInlineFilter.php(58): CController->filterAccessControl(Object(CFilterChain))
#14 /var/www/html/YiiWork/yii/framework/web/filters/CFilterChain.php(130): CInlineFilter->filter(Object(CFilterChain))
#15 /var/www/html/YiiWork/yii/framework/web/CController.php(291): CFilterChain->run()
#16 /var/www/html/YiiWork/yii/framework/web/CController.php(265): CController->runActionWithFilters(Object(CInlineAction), Array)
#17 /var/www/html/YiiWork/yii/framework/web/CWebApplication.php(282): CController->run('admin')
#18 /var/www/html/YiiWork/yii/framework/web/CWebApplication.php(141): CWebApplication->runController('administrator/i...')
#19 /var/www/html/YiiWork/yii/framework/base/CApplication.php(180): CWebApplication->processRequest()
#20 /var/www/html/YiiWork/megaapp/index.php(13): CApplication->run()
#21 {main}
REQUEST_URI=/YiiWork/megaapp/index.php/administrator/items/admin
HTTP_REFERER=http://localhost/YiiWork/megaapp/index.php/administrator/items
---
2014/07/28 13:09:42 [error] [php] Invalid argument supplied for foreach() (/var/www/html/YiiWork/megaapp/protected/views/site/bucket.php:2)
Stack trace:
#0 /var/www/html/YiiWork/yii/framework/web/CController.php(869): SiteController->renderFile()
#1 /var/www/html/YiiWork/yii/framework/web/CController.php(782): SiteController->renderPartial()
#2 /var/www/html/YiiWork/megaapp/protected/controllers/SiteController.php(106): SiteController->render()
#3 /var/www/html/YiiWork/yii/framework/web/actions/CInlineAction.php(49): SiteController->actionBucket()
#4 /var/www/html/YiiWork/yii/framework/web/CController.php(308): CInlineAction->runWithParams()
#5 /var/www/html/YiiWork/yii/framework/web/CController.php(286): SiteController->runAction()
#6 /var/www/html/YiiWork/yii/framework/web/CController.php(265): SiteController->runActionWithFilters()
#7 /var/www/html/YiiWork/yii/framework/web/CWebApplication.php(282): SiteController->run()
#8 /var/www/html/YiiWork/yii/framework/web/CWebApplication.php(141): CWebApplication->runController()
#9 /var/www/html/YiiWork/yii/framework/base/CApplication.php(180): CWebApplication->processRequest()
#10 /var/www/html/YiiWork/megaapp/index.php(13): CWebApplication->run()
REQUEST_URI=/YiiWork/megaapp/index.php/site/bucket
in /var/www/html/YiiWork/megaapp/protected/views/site/bucket.php (2)
in /var/www/html/YiiWork/megaapp/protected/controllers/SiteController.php (106)
in /var/www/html/YiiWork/megaapp/index.php (13)
2014/07/28 13:17:20 [error] [php] Invalid argument supplied for foreach() (/var/www/html/megaapp/protected/views/site/bucket.php:3)
Stack trace:
#0 /var/www/html/yii/framework/web/CController.php(869): SiteController->renderFile()
#1 /var/www/html/yii/framework/web/CController.php(782): SiteController->renderPartial()
#2 /var/www/html/megaapp/protected/controllers/SiteController.php(106): SiteController->render()
#3 /var/www/html/yii/framework/web/actions/CInlineAction.php(49): SiteController->actionBucket()
#4 /var/www/html/yii/framework/web/CController.php(308): CInlineAction->runWithParams()
#5 /var/www/html/yii/framework/web/CController.php(286): SiteController->runAction()
#6 /var/www/html/yii/framework/web/CController.php(265): SiteController->runActionWithFilters()
#7 /var/www/html/yii/framework/web/CWebApplication.php(282): SiteController->run()
#8 /var/www/html/yii/framework/web/CWebApplication.php(141): CWebApplication->runController()
#9 /var/www/html/yii/framework/base/CApplication.php(180): CWebApplication->processRequest()
#10 /var/www/html/megaapp/index.php(13): CWebApplication->run()
REQUEST_URI=/megaapp/index.php/site/bucket
in /var/www/html/megaapp/protected/views/site/bucket.php (3)
in /var/www/html/megaapp/protected/controllers/SiteController.php (106)
in /var/www/html/megaapp/index.php (13)
2014/07/28 13:18:13 [error] [php] Invalid argument supplied for foreach() (/var/www/html/megaapp/protected/views/site/bucket.php:3)
Stack trace:
#0 /var/www/html/yii/framework/web/CController.php(869): SiteController->renderFile()
#1 /var/www/html/yii/framework/web/CController.php(782): SiteController->renderPartial()
#2 /var/www/html/megaapp/protected/controllers/SiteController.php(106): SiteController->render()
#3 /var/www/html/yii/framework/web/actions/CInlineAction.php(49): SiteController->actionBucket()
#4 /var/www/html/yii/framework/web/CController.php(308): CInlineAction->runWithParams()
#5 /var/www/html/yii/framework/web/CController.php(286): SiteController->runAction()
#6 /var/www/html/yii/framework/web/CController.php(265): SiteController->runActionWithFilters()
#7 /var/www/html/yii/framework/web/CWebApplication.php(282): SiteController->run()
#8 /var/www/html/yii/framework/web/CWebApplication.php(141): CWebApplication->runController()
#9 /var/www/html/yii/framework/base/CApplication.php(180): CWebApplication->processRequest()
#10 /var/www/html/megaapp/index.php(13): CWebApplication->run()
REQUEST_URI=/megaapp/index.php/site/bucket
in /var/www/html/megaapp/protected/views/site/bucket.php (3)
in /var/www/html/megaapp/protected/controllers/SiteController.php (106)
in /var/www/html/megaapp/index.php (13)
2014/07/28 13:26:31 [error] [php] Trying to get property of non-object (/var/www/html/megaapp/protected/views/site/bucket.php:4)
Stack trace:
#0 /var/www/html/yii/framework/web/CController.php(869): SiteController->renderFile()
#1 /var/www/html/yii/framework/web/CController.php(782): SiteController->renderPartial()
#2 /var/www/html/megaapp/protected/controllers/SiteController.php(106): SiteController->render()
#3 /var/www/html/yii/framework/web/actions/CInlineAction.php(49): SiteController->actionBucket()
#4 /var/www/html/yii/framework/web/CController.php(308): CInlineAction->runWithParams()
#5 /var/www/html/yii/framework/web/CController.php(286): SiteController->runAction()
#6 /var/www/html/yii/framework/web/CController.php(265): SiteController->runActionWithFilters()
#7 /var/www/html/yii/framework/web/CWebApplication.php(282): SiteController->run()
#8 /var/www/html/yii/framework/web/CWebApplication.php(141): CWebApplication->runController()
#9 /var/www/html/yii/framework/base/CApplication.php(180): CWebApplication->processRequest()
#10 /var/www/html/megaapp/index.php(13): CWebApplication->run()
REQUEST_URI=/megaapp/index.php/site/bucket
in /var/www/html/megaapp/protected/views/site/bucket.php (4)
in /var/www/html/megaapp/protected/controllers/SiteController.php (106)
in /var/www/html/megaapp/index.php (13)
